[0.020s] Invoking command in '/home/ros2/dog_robot_ws/src/dog-robot-ros2/build/dog_robot': CMAKE_PREFIX_PATH=${CMAKE_PREFIX_PATH}:/opt/ros/jazzy DEBUGINFOD_URLS=https://debuginfod.ubuntu.com /usr/bin/cmake --build /home/ros2/dog_robot_ws/src/dog-robot-ros2/build/dog_robot -- -j4 -l4
[0.097s] [ 33%] [32mBuilding CXX object CMakeFiles/environment_test.dir/src/Environment.cpp.o[0m
[0.098s] [ 66%] [32mBuilding CXX object CMakeFiles/environment_test.dir/src/main.cpp.o[0m
[4.838s] [100%] [32m[1mLinking CXX executable environment_test[0m
[5.067s] [100%] Built target environment_test
[5.084s] Invoked command in '/home/ros2/dog_robot_ws/src/dog-robot-ros2/build/dog_robot' returned '0': CMAKE_PREFIX_PATH=${CMAKE_PREFIX_PATH}:/opt/ros/jazzy DEBUGINFOD_URLS=https://debuginfod.ubuntu.com /usr/bin/cmake --build /home/ros2/dog_robot_ws/src/dog-robot-ros2/build/dog_robot -- -j4 -l4
[5.134s] Invoking command in '/home/ros2/dog_robot_ws/src/dog-robot-ros2/build/dog_robot': CMAKE_PREFIX_PATH=${CMAKE_PREFIX_PATH}:/opt/ros/jazzy DEBUGINFOD_URLS=https://debuginfod.ubuntu.com /usr/bin/cmake --install /home/ros2/dog_robot_ws/src/dog-robot-ros2/build/dog_robot
[5.143s] -- Install configuration: ""
[5.144s] -- Installing: /home/ros2/dog_robot_ws/src/dog-robot-ros2/install/dog_robot/lib/dog_robot/environment_test
[5.146s] -- Set non-toolchain portion of runtime path of "/home/ros2/dog_robot_ws/src/dog-robot-ros2/install/dog_robot/lib/dog_robot/environment_test" to ""
[5.146s] -- Installing: /home/ros2/dog_robot_ws/src/dog-robot-ros2/install/dog_robot/share/ament_index/resource_index/package_run_dependencies/dog_robot
[5.146s] -- Installing: /home/ros2/dog_robot_ws/src/dog-robot-ros2/install/dog_robot/share/ament_index/resource_index/parent_prefix_path/dog_robot
[5.147s] -- Installing: /home/ros2/dog_robot_ws/src/dog-robot-ros2/install/dog_robot/share/dog_robot/environment/ament_prefix_path.sh
[5.147s] -- Installing: /home/ros2/dog_robot_ws/src/dog-robot-ros2/install/dog_robot/share/dog_robot/environment/ament_prefix_path.dsv
[5.147s] -- Installing: /home/ros2/dog_robot_ws/src/dog-robot-ros2/install/dog_robot/share/dog_robot/environment/path.sh
[5.147s] -- Installing: /home/ros2/dog_robot_ws/src/dog-robot-ros2/install/dog_robot/share/dog_robot/environment/path.dsv
[5.147s] -- Installing: /home/ros2/dog_robot_ws/src/dog-robot-ros2/install/dog_robot/share/dog_robot/local_setup.bash
[5.148s] -- Installing: /home/ros2/dog_robot_ws/src/dog-robot-ros2/install/dog_robot/share/dog_robot/local_setup.sh
[5.148s] -- Installing: /home/ros2/dog_robot_ws/src/dog-robot-ros2/install/dog_robot/share/dog_robot/local_setup.zsh
[5.148s] -- Installing: /home/ros2/dog_robot_ws/src/dog-robot-ros2/install/dog_robot/share/dog_robot/local_setup.dsv
[5.148s] -- Installing: /home/ros2/dog_robot_ws/src/dog-robot-ros2/install/dog_robot/share/dog_robot/package.dsv
[5.148s] -- Installing: /home/ros2/dog_robot_ws/src/dog-robot-ros2/install/dog_robot/share/ament_index/resource_index/packages/dog_robot
[5.149s] -- Installing: /home/ros2/dog_robot_ws/src/dog-robot-ros2/install/dog_robot/share/dog_robot/cmake/dog_robotConfig.cmake
[5.149s] -- Installing: /home/ros2/dog_robot_ws/src/dog-robot-ros2/install/dog_robot/share/dog_robot/cmake/dog_robotConfig-version.cmake
[5.149s] -- Installing: /home/ros2/dog_robot_ws/src/dog-robot-ros2/install/dog_robot/share/dog_robot/package.xml
[5.151s] Invoked command in '/home/ros2/dog_robot_ws/src/dog-robot-ros2/build/dog_robot' returned '0': CMAKE_PREFIX_PATH=${CMAKE_PREFIX_PATH}:/opt/ros/jazzy DEBUGINFOD_URLS=https://debuginfod.ubuntu.com /usr/bin/cmake --install /home/ros2/dog_robot_ws/src/dog-robot-ros2/build/dog_robot
