[0.116s] DEBUG:colcon:Command line arguments: ['/usr/bin/colcon', 'build', '--packages-select', 'dog_robot']
[0.116s] DEBUG:colcon:Parsed command line arguments: Namespace(log_base=None, log_level=None, verb_name='build', build_base='build', install_base='install', merge_install=False, symlink_install=False, test_result_base=None, continue_on_error=False, executor='parallel', parallel_workers=4, event_handlers=None, ignore_user_meta=False, metas=['./colcon.meta'], base_paths=['.'], packages_ignore=None, packages_ignore_regex=None, paths=None, packages_up_to=None, packages_up_to_regex=None, packages_above=None, packages_above_and_dependencies=None, packages_above_depth=None, packages_select_by_dep=None, packages_skip_by_dep=None, packages_skip_up_to=None, packages_select_build_failed=False, packages_skip_build_finished=False, packages_select_test_failures=False, packages_skip_test_passed=False, packages_select=['dog_robot'], packages_skip=None, packages_select_regex=None, packages_skip_regex=None, packages_start=None, packages_end=None, allow_overriding=[], cmake_args=None, cmake_target=None, cmake_target_skip_unavailable=False, cmake_clean_cache=False, cmake_clean_first=False, cmake_force_configure=False, ament_cmake_args=None, catkin_cmake_args=None, catkin_skip_building_tests=False, mixin_files=None, mixin=None, verb_parser=<colcon_mixin.mixin.mixin_argument.MixinArgumentDecorator object at 0xe51d92f24cb0>, verb_extension=<colcon_core.verb.build.BuildVerb object at 0xe51d930b38f0>, main=<bound method BuildVerb.main of <colcon_core.verb.build.BuildVerb object at 0xe51d930b38f0>>, mixin_verb=('build',))
[0.158s] Level 1:colcon.colcon_core.package_discovery:discover_packages(colcon_meta) check parameters
[0.158s] Level 1:colcon.colcon_core.package_discovery:discover_packages(recursive) check parameters
[0.158s] Level 1:colcon.colcon_core.package_discovery:discover_packages(ignore) check parameters
[0.158s] Level 1:colcon.colcon_core.package_discovery:discover_packages(path) check parameters
[0.158s] Level 1:colcon.colcon_core.package_discovery:discover_packages(colcon_meta) discover
[0.158s] Level 1:colcon.colcon_core.package_discovery:discover_packages(recursive) discover
[0.158s] INFO:colcon.colcon_core.package_discovery:Crawling recursively for packages in '/home/ros2/dog_robot_ws/src/dog-robot-ros2'
[0.158s] Level 1:colcon.colcon_core.package_identification:_identify(.) by extensions ['ignore', 'ignore_ament_install']
[0.158s] Level 1:colcon.colcon_core.package_identification:_identify(.) by extension 'ignore'
[0.158s] Level 1:colcon.colcon_core.package_identification:_identify(.) by extension 'ignore_ament_install'
[0.158s] Level 1:colcon.colcon_core.package_identification:_identify(.) by extensions ['colcon_pkg']
[0.158s] Level 1:colcon.colcon_core.package_identification:_identify(.) by extension 'colcon_pkg'
[0.158s] Level 1:colcon.colcon_core.package_identification:_identify(.) by extensions ['colcon_meta']
[0.158s] Level 1:colcon.colcon_core.package_identification:_identify(.) by extension 'colcon_meta'
[0.158s] Level 1:colcon.colcon_core.package_identification:_identify(.) by extensions ['ros']
[0.158s] Level 1:colcon.colcon_core.package_identification:_identify(.) by extension 'ros'
[0.191s] DEBUG:colcon.colcon_core.package_identification:Package '.' with type 'ros.ament_cmake' and name 'dog_robot'
[0.191s] Level 1:colcon.colcon_core.package_discovery:discover_packages(recursive) using defaults
[0.191s] Level 1:colcon.colcon_core.package_discovery:discover_packages(ignore) discover
[0.191s] Level 1:colcon.colcon_core.package_discovery:discover_packages(ignore) using defaults
[0.191s] Level 1:colcon.colcon_core.package_discovery:discover_packages(path) discover
[0.191s] Level 1:colcon.colcon_core.package_discovery:discover_packages(path) using defaults
[0.210s] Level 1:colcon.colcon_core.package_discovery:discover_packages(prefix_path) check parameters
[0.210s] Level 1:colcon.colcon_core.package_discovery:discover_packages(prefix_path) discover
[0.213s] DEBUG:colcon.colcon_installed_package_information.package_discovery:Found 368 installed packages in /opt/ros/jazzy
[0.215s] Level 1:colcon.colcon_core.package_discovery:discover_packages(prefix_path) using defaults
[0.266s] Level 5:colcon.colcon_core.verb:set package 'dog_robot' build argument 'cmake_args' from command line to 'None'
[0.266s] Level 5:colcon.colcon_core.verb:set package 'dog_robot' build argument 'cmake_target' from command line to 'None'
[0.267s] Level 5:colcon.colcon_core.verb:set package 'dog_robot' build argument 'cmake_target_skip_unavailable' from command line to 'False'
[0.267s] Level 5:colcon.colcon_core.verb:set package 'dog_robot' build argument 'cmake_clean_cache' from command line to 'False'
[0.267s] Level 5:colcon.colcon_core.verb:set package 'dog_robot' build argument 'cmake_clean_first' from command line to 'False'
[0.267s] Level 5:colcon.colcon_core.verb:set package 'dog_robot' build argument 'cmake_force_configure' from command line to 'False'
[0.267s] Level 5:colcon.colcon_core.verb:set package 'dog_robot' build argument 'ament_cmake_args' from command line to 'None'
[0.267s] Level 5:colcon.colcon_core.verb:set package 'dog_robot' build argument 'catkin_cmake_args' from command line to 'None'
[0.267s] Level 5:colcon.colcon_core.verb:set package 'dog_robot' build argument 'catkin_skip_building_tests' from command line to 'False'
[0.267s] DEBUG:colcon.colcon_core.verb:Building package 'dog_robot' with the following arguments: {'ament_cmake_args': None, 'build_base': '/home/ros2/dog_robot_ws/src/dog-robot-ros2/build/dog_robot', 'catkin_cmake_args': None, 'catkin_skip_building_tests': False, 'cmake_args': None, 'cmake_clean_cache': False, 'cmake_clean_first': False, 'cmake_force_configure': False, 'cmake_target': None, 'cmake_target_skip_unavailable': False, 'install_base': '/home/ros2/dog_robot_ws/src/dog-robot-ros2/install/dog_robot', 'merge_install': False, 'path': '/home/ros2/dog_robot_ws/src/dog-robot-ros2', 'symlink_install': False, 'test_result_base': None}
[0.267s] INFO:colcon.colcon_core.executor:Executing jobs using 'parallel' executor
[0.268s] DEBUG:colcon.colcon_parallel_executor.executor.parallel:run_until_complete
[0.268s] INFO:colcon.colcon_ros.task.ament_cmake.build:Building ROS package in '/home/ros2/dog_robot_ws/src/dog-robot-ros2' with build type 'ament_cmake'
[0.268s] INFO:colcon.colcon_cmake.task.cmake.build:Building CMake package in '/home/ros2/dog_robot_ws/src/dog-robot-ros2'
[0.270s] INFO:colcon.colcon_core.plugin_system:Skipping extension 'colcon_core.shell.bat': Not used on non-Windows systems
[0.270s] INFO:colcon.colcon_core.shell:Skip shell extension 'powershell' for command environment: Not usable outside of PowerShell
[0.270s] DEBUG:colcon.colcon_core.shell:Skip shell extension 'dsv' for command environment
[0.284s] DEBUG:colcon.colcon_core.event_handler.log_command:Invoking command in '/home/ros2/dog_robot_ws/src/dog-robot-ros2/build/dog_robot': CMAKE_PREFIX_PATH=${CMAKE_PREFIX_PATH}:/opt/ros/jazzy DEBUGINFOD_URLS=https://debuginfod.ubuntu.com /usr/bin/cmake /home/ros2/dog_robot_ws/src/dog-robot-ros2 -DCMAKE_INSTALL_PREFIX=/home/ros2/dog_robot_ws/src/dog-robot-ros2/install/dog_robot
[1.025s] DEBUG:colcon.colcon_core.event_handler.log_command:Invoked command in '/home/ros2/dog_robot_ws/src/dog-robot-ros2/build/dog_robot' returned '0': CMAKE_PREFIX_PATH=${CMAKE_PREFIX_PATH}:/opt/ros/jazzy DEBUGINFOD_URLS=https://debuginfod.ubuntu.com /usr/bin/cmake /home/ros2/dog_robot_ws/src/dog-robot-ros2 -DCMAKE_INSTALL_PREFIX=/home/ros2/dog_robot_ws/src/dog-robot-ros2/install/dog_robot
[1.026s] DEBUG:colcon.colcon_core.event_handler.log_command:Invoking command in '/home/ros2/dog_robot_ws/src/dog-robot-ros2/build/dog_robot': CMAKE_PREFIX_PATH=${CMAKE_PREFIX_PATH}:/opt/ros/jazzy DEBUGINFOD_URLS=https://debuginfod.ubuntu.com /usr/bin/cmake --build /home/ros2/dog_robot_ws/src/dog-robot-ros2/build/dog_robot -- -j4 -l4
[4.237s] DEBUG:colcon.colcon_core.event_handler.log_command:Invoked command in '/home/ros2/dog_robot_ws/src/dog-robot-ros2/build/dog_robot' returned '2': CMAKE_PREFIX_PATH=${CMAKE_PREFIX_PATH}:/opt/ros/jazzy DEBUGINFOD_URLS=https://debuginfod.ubuntu.com /usr/bin/cmake --build /home/ros2/dog_robot_ws/src/dog-robot-ros2/build/dog_robot -- -j4 -l4
[4.277s] Level 1:colcon.colcon_core.environment:create_environment_scripts_only(dog_robot)
[4.280s] Level 1:colcon.colcon_core.environment:checking '/home/ros2/dog_robot_ws/src/dog-robot-ros2/install/dog_robot' for CMake module files
[4.280s] Level 1:colcon.colcon_core.environment:checking '/home/ros2/dog_robot_ws/src/dog-robot-ros2/install/dog_robot' for CMake config files
[4.281s] Level 1:colcon.colcon_core.environment:checking '/home/ros2/dog_robot_ws/src/dog-robot-ros2/install/dog_robot/bin'
[4.281s] Level 1:colcon.colcon_core.environment:checking '/home/ros2/dog_robot_ws/src/dog-robot-ros2/install/dog_robot/lib/pkgconfig/dog_robot.pc'
[4.281s] Level 1:colcon.colcon_core.environment:checking '/home/ros2/dog_robot_ws/src/dog-robot-ros2/install/dog_robot/lib/python3.12/site-packages'
[4.281s] Level 1:colcon.colcon_core.environment:checking '/home/ros2/dog_robot_ws/src/dog-robot-ros2/install/dog_robot/bin'
[4.282s] INFO:colcon.colcon_core.shell:Creating package script '/home/ros2/dog_robot_ws/src/dog-robot-ros2/install/dog_robot/share/dog_robot/package.ps1'
[4.283s] INFO:colcon.colcon_core.shell:Creating package descriptor '/home/ros2/dog_robot_ws/src/dog-robot-ros2/install/dog_robot/share/dog_robot/package.dsv'
[4.283s] INFO:colcon.colcon_core.shell:Creating package script '/home/ros2/dog_robot_ws/src/dog-robot-ros2/install/dog_robot/share/dog_robot/package.sh'
[4.284s] INFO:colcon.colcon_core.shell:Creating package script '/home/ros2/dog_robot_ws/src/dog-robot-ros2/install/dog_robot/share/dog_robot/package.bash'
[4.285s] INFO:colcon.colcon_core.shell:Creating package script '/home/ros2/dog_robot_ws/src/dog-robot-ros2/install/dog_robot/share/dog_robot/package.zsh'
[4.285s] Level 1:colcon.colcon_core.environment:create_file_with_runtime_dependencies(/home/ros2/dog_robot_ws/src/dog-robot-ros2/install/dog_robot/share/colcon-core/packages/dog_robot)
[4.296s] DEBUG:colcon.colcon_parallel_executor.executor.parallel:closing loop
[4.296s] DEBUG:colcon.colcon_parallel_executor.executor.parallel:loop closed
[4.297s] DEBUG:colcon.colcon_parallel_executor.executor.parallel:run_until_complete finished with '2'
[4.297s] DEBUG:colcon.colcon_core.event_reactor:joining thread
[4.303s] INFO:colcon.colcon_core.plugin_system:Skipping extension 'colcon_notification.desktop_notification.terminal_notifier': Not used on non-Darwin systems
[4.303s] INFO:colcon.colcon_core.plugin_system:Skipping extension 'colcon_notification.desktop_notification.win32': Not used on non-Windows systems
[4.303s] INFO:colcon.colcon_notification.desktop_notification:Sending desktop notification using 'notify2'
[4.338s] DEBUG:colcon.colcon_core.event_reactor:joined thread
[4.338s] INFO:colcon.colcon_core.shell:Creating prefix script '/home/ros2/dog_robot_ws/src/dog-robot-ros2/install/local_setup.ps1'
[4.339s] INFO:colcon.colcon_core.shell:Creating prefix util module '/home/ros2/dog_robot_ws/src/dog-robot-ros2/install/_local_setup_util_ps1.py'
[4.342s] INFO:colcon.colcon_core.shell:Creating prefix chain script '/home/ros2/dog_robot_ws/src/dog-robot-ros2/install/setup.ps1'
[4.344s] INFO:colcon.colcon_core.shell:Creating prefix script '/home/ros2/dog_robot_ws/src/dog-robot-ros2/install/local_setup.sh'
[4.345s] INFO:colcon.colcon_core.shell:Creating prefix util module '/home/ros2/dog_robot_ws/src/dog-robot-ros2/install/_local_setup_util_sh.py'
[4.346s] INFO:colcon.colcon_core.shell:Creating prefix chain script '/home/ros2/dog_robot_ws/src/dog-robot-ros2/install/setup.sh'
[4.347s] INFO:colcon.colcon_core.shell:Creating prefix script '/home/ros2/dog_robot_ws/src/dog-robot-ros2/install/local_setup.bash'
[4.348s] INFO:colcon.colcon_core.shell:Creating prefix chain script '/home/ros2/dog_robot_ws/src/dog-robot-ros2/install/setup.bash'
[4.349s] INFO:colcon.colcon_core.shell:Creating prefix script '/home/ros2/dog_robot_ws/src/dog-robot-ros2/install/local_setup.zsh'
[4.349s] INFO:colcon.colcon_core.shell:Creating prefix chain script '/home/ros2/dog_robot_ws/src/dog-robot-ros2/install/setup.zsh'
